<?xml version="1.0" encoding="UTF-8"?>
<!-- Generated by org.testng.reporters.JUnitReportReporter -->
<testsuite hostname="LTIN410084" failures="0" tests="1" name="pages.Purchasepage" time="53.772" errors="0" timestamp="2022-11-11T13:36:45 IST" skipped="0">
  <testcase classname="pages.Purchasepage" name="product" time="53.772"/>
  <system-out/>
</testsuite> <!-- pages.Purchasepage -->
