<?xml version="1.0" encoding="UTF-8"?>
<!-- Generated by org.testng.reporters.JUnitReportReporter -->
<testsuite hostname="LTIN410084" failures="0" tests="1" name="Testing.websiteproject.LoginTest" time="57.474" errors="0" timestamp="2022-11-11T11:07:51 IST" skipped="0">
  <testcase classname="Testing.websiteproject.LoginTest" name="logintest" time="57.474"/>
  <system-out/>
</testsuite> <!-- Testing.websiteproject.LoginTest -->
