<?xml version="1.0" encoding="UTF-8"?>
<!-- Generated by org.testng.reporters.JUnitReportReporter -->
<testsuite hostname="LTIN410084" failures="0" tests="1" name="Testing.testing" time="0.060" errors="0" timestamp="2022-11-18T13:59:26 IST" skipped="0">
  <testcase classname="Testing.testing" name="main" time="0.060"/>
  <system-out/>
</testsuite> <!-- Testing.testing -->
