<?xml version="1.0" encoding="UTF-8"?>
<!-- Generated by org.testng.reporters.JUnitReportReporter -->
<testsuite hostname="LTIN410084" failures="0" tests="1" name="base.testing" time="0.813" errors="0" timestamp="2022-12-07T21:45:19 IST" skipped="0">
  <testcase classname="base.testing" name="main" time="0.813"/>
  <system-out/>
</testsuite> <!-- base.testing -->
