<?xml version="1.0" encoding="UTF-8"?>
<!-- Generated by org.testng.reporters.JUnitReportReporter -->
<testsuite hostname="LTIN410084" failures="0" tests="1" name="Testing.websiteproject.SigninPageTest" time="55.361" errors="0" timestamp="2022-11-11T13:38:21 IST" skipped="0">
  <testcase classname="Testing.websiteproject.SigninPageTest" name="loginTest" time="55.361"/>
  <system-out/>
</testsuite> <!-- Testing.websiteproject.SigninPageTest -->
