<?xml version="1.0" encoding="UTF-8"?>
<!-- Generated by org.testng.reporters.JUnitReportReporter -->
<testsuite hostname="LTIN410084" failures="0" tests="1" name="base.Base" time="373.187" errors="0" timestamp="2022-11-10T18:49:18 IST" skipped="0">
  <testcase classname="base.Base" name="openBrowser" time="373.187"/>
  <system-out/>
</testsuite> <!-- base.Base -->
